<?xml version="1.0" encoding="UTF-8"?>
<!-- Generated by org.testng.reporters.JUnitXMLReporter -->
<testsuite hostname="LAPTOP-2D4ECRNQ" ignored="0" name="Test" tests="4" failures="0" timestamp="15 Jun 2021 12:13:26 GMT" time="155.895" errors="0">
  <testcase name="basePageNavigation" time="0.219" classname="Academy.E2EProject.validateTitle"/>
  <testcase name="basePageNavigation" time="19.613" classname="Academy.E2EProject.HomePage"/>
  <testcase name="basePageNavigation" time="20.715" classname="Academy.E2EProject.HomePage"/>
  <testcase name="basePageNavigation" time="0.258" classname="Academy.E2EProject.validateNavigationBar"/>
</testsuite> <!-- Test -->
