<?xml version="1.0" encoding="UTF-8"?>
<!-- Generated by org.testng.reporters.JUnitXMLReporter -->
<testsuite hostname="LAPTOP-2D4ECRNQ" ignored="0" name="Validating Title" tests="1" failures="1" timestamp="15 Jun 2021 19:09:42 GMT" time="12.2" errors="0">
  <testcase name="basePageNavigation3" time="0.042" classname="Academy.E2EProject.validateTitle">
    <failure type="java.lang.AssertionError" message="expected [FEATURED COURSESdf] but found [FEATURED COURSES]">
      <![CDATA[java.lang.AssertionError: expected [FEATURED COURSESdf] but found [FEATURED COURSES]
at Academy.E2EProject.validateTitle.basePageNavigation3(validateTitle.java:26)
at java.util.concurrent.FutureTask.run(Unknown Source)
at java.util.concurrent.ThreadPoolExecutor.runWorker(Unknown Source)
at java.util.concurrent.ThreadPoolExecutor$Worker.run(Unknown Source)
at java.lang.Thread.run(Unknown Source)
... Removed 22 stack frames]]>
    </failure>
  </testcase> <!-- basePageNavigation3 -->
</testsuite> <!-- Validating Title -->
