<?xml version="1.0" encoding="UTF-8"?>
<!-- Generated by org.testng.reporters.JUnitXMLReporter -->
<testsuite hostname="LAPTOP-2D4ECRNQ" ignored="0" name="Validating Login" tests="2" failures="0" timestamp="21 Jun 2021 16:15:09 GMT" time="88.093" errors="0">
  <testcase name="feature" time="38.015" classname="cucumber.api.testng.AbstractTestNGCucumberTests"/>
  <testcase name="feature" time="49.092" classname="cucumber.api.testng.AbstractTestNGCucumberTests"/>
</testsuite> <!-- Validating Login -->
