<?xml version="1.0" encoding="UTF-8"?>
<!-- Generated by org.testng.reporters.JUnitXMLReporter -->
<testsuite hostname="LAPTOP-2D4ECRNQ" ignored="0" name="Validating Title" tests="1" failures="1" timestamp="15 Jun 2021 16:59:05 GMT" time="23.127" errors="0">
  <testcase name="basePageNavigation3" time="0.186" classname="Academy.E2EProject.validateTitle">
    <failure type="java.lang.AssertionError" message="expected [FEATURED COURSESdf] but found [FEATURED COURSES]">
      <![CDATA[java.lang.AssertionError: expected [FEATURED COURSESdf] but found [FEATURED COURSES]
at Academy.E2EProject.validateTitle.basePageNavigation3(validateTitle.java:26)
at java.util.concurrent.FutureTask.run(FutureTask.java:266)
at java.util.concurrent.ThreadPoolExecutor.runWorker(ThreadPoolExecutor.java:1149)
at java.util.concurrent.ThreadPoolExecutor$Worker.run(ThreadPoolExecutor.java:624)
at java.lang.Thread.run(Thread.java:748)
... Removed 22 stack frames]]>
    </failure>
  </testcase> <!-- basePageNavigation3 -->
</testsuite> <!-- Validating Title -->
