<?xml version="1.0" encoding="UTF-8"?>
<!-- Generated by org.testng.reporters.JUnitXMLReporter -->
<testsuite hostname="LAPTOP-2D4ECRNQ" ignored="0" name="Validating Login" tests="2" failures="0" timestamp="21 Jun 2021 17:21:00 GMT" time="59.978" errors="0">
  <testcase name="feature" time="29.838" classname="cucumber.api.testng.AbstractTestNGCucumberTests"/>
  <testcase name="feature" time="29.883" classname="cucumber.api.testng.AbstractTestNGCucumberTests"/>
</testsuite> <!-- Validating Login -->
