<?xml version="1.0" encoding="UTF-8"?>
<testng-results skipped="0" failed="0" ignored="0" total="1" passed="1">
  <reporter-output>
  </reporter-output>
  <suite name="Suite" duration-ms="22530" started-at="2021-06-20T06:16:56Z" finished-at="2021-06-20T06:17:19Z">
    <groups>
      <group name="cucumber">
        <method signature="AbstractTestNGCucumberTests.feature(cucumber.api.testng.CucumberFeatureWrapper)[pri:0, instance:cucumberOptions.TestRunner@50d0686]" name="feature" class="cucumber.api.testng.AbstractTestNGCucumberTests"/>
      </group> <!-- cucumber -->
    </groups>
    <test name="Validating Login" duration-ms="22530" started-at="2021-06-20T06:16:56Z" finished-at="2021-06-20T06:17:19Z">
      <class name="cucumberOptions.TestRunner">
        <test-method status="PASS" signature="setUpClass()[pri:0, instance:cucumberOptions.TestRunner@50d0686]" name="setUpClass" is-config="true" duration-ms="171" started-at="2021-06-20T06:16:56Z" finished-at="2021-06-20T06:16:57Z">
          <reporter-output>
          </reporter-output>
        </test-method> <!-- setUpClass -->
        <test-method status="PASS" signature="feature(cucumber.api.testng.CucumberFeatureWrapper)[pri:0, instance:cucumberOptions.TestRunner@50d0686]" name="feature" duration-ms="22279" started-at="2021-06-20T06:16:57Z" description="Runs Cucumber Feature" data-provider="features" finished-at="2021-06-20T06:17:19Z">
          <params>
            <param index="0">
              <value>
                <![CDATA[To automate the flow of placing order on GreenKart website]]>
              </value>
            </param>
          </params>
          <reporter-output>
          </reporter-output>
        </test-method> <!-- feature -->
        <test-method status="PASS" signature="tearDownClass()[pri:0, instance:cucumberOptions.TestRunner@50d0686]" name="tearDownClass" is-config="true" duration-ms="3" started-at="2021-06-20T06:17:19Z" finished-at="2021-06-20T06:17:19Z">
          <reporter-output>
          </reporter-output>
        </test-method> <!-- tearDownClass -->
      </class> <!-- cucumberOptions.TestRunner -->
    </test> <!-- Validating Login -->
  </suite> <!-- Suite -->
</testng-results>
