<?xml version="1.0" encoding="UTF-8"?>
<testng-results skipped="0" failed="0" ignored="0" total="2" passed="2">
  <reporter-output>
  </reporter-output>
  <suite name="Suite" duration-ms="59978" started-at="2021-06-21T17:20:00Z" finished-at="2021-06-21T17:21:00Z">
    <groups>
      <group name="cucumber">
        <method signature="AbstractTestNGCucumberTests.feature(cucumber.api.testng.CucumberFeatureWrapper)[pri:0, instance:cucumberOptions.TestRunner@50d0686]" name="feature" class="cucumber.api.testng.AbstractTestNGCucumberTests"/>
      </group> <!-- cucumber -->
    </groups>
    <test name="Validating Login" duration-ms="59978" started-at="2021-06-21T17:20:00Z" finished-at="2021-06-21T17:21:00Z">
      <class name="cucumberOptions.TestRunner">
        <test-method status="PASS" signature="setUpClass()[pri:0, instance:cucumberOptions.TestRunner@50d0686]" name="setUpClass" is-config="true" duration-ms="172" started-at="2021-06-21T17:20:00Z" finished-at="2021-06-21T17:20:01Z">
          <reporter-output>
          </reporter-output>
        </test-method> <!-- setUpClass -->
        <test-method status="PASS" signature="feature(cucumber.api.testng.CucumberFeatureWrapper)[pri:0, instance:cucumberOptions.TestRunner@50d0686]" name="feature" duration-ms="29838" started-at="2021-06-21T17:20:01Z" description="Runs Cucumber Feature" data-provider="features" finished-at="2021-06-21T17:20:31Z">
          <params>
            <param index="0">
              <value>
                <![CDATA[To automate the flow of placing order on GreenKart website]]>
              </value>
            </param>
          </params>
          <reporter-output>
          </reporter-output>
        </test-method> <!-- feature -->
        <test-method status="PASS" signature="feature(cucumber.api.testng.CucumberFeatureWrapper)[pri:0, instance:cucumberOptions.TestRunner@50d0686]" name="feature" duration-ms="29883" started-at="2021-06-21T17:20:31Z" description="Runs Cucumber Feature" data-provider="features" finished-at="2021-06-21T17:21:00Z">
          <params>
            <param index="0">
              <value>
                <![CDATA[To automate the flow of selecting a course from Rahul Shetty Academy]]>
              </value>
            </param>
          </params>
          <reporter-output>
          </reporter-output>
        </test-method> <!-- feature -->
        <test-method status="PASS" signature="tearDownClass()[pri:0, instance:cucumberOptions.TestRunner@50d0686]" name="tearDownClass" is-config="true" duration-ms="4" started-at="2021-06-21T17:21:00Z" finished-at="2021-06-21T17:21:00Z">
          <reporter-output>
          </reporter-output>
        </test-method> <!-- tearDownClass -->
      </class> <!-- cucumberOptions.TestRunner -->
    </test> <!-- Validating Login -->
  </suite> <!-- Suite -->
</testng-results>
