<?xml version="1.0" encoding="UTF-8"?>
<testng-results skipped="0" failed="0" ignored="0" total="1" passed="1">
  <reporter-output>
  </reporter-output>
  <suite name="Default suite" duration-ms="25252" started-at="2021-06-20T05:11:35Z" finished-at="2021-06-20T05:12:00Z">
    <groups>
      <group name="cucumber">
        <method signature="AbstractTestNGCucumberTests.feature(cucumber.api.testng.CucumberFeatureWrapper)[pri:0, instance:cucumberOptions.TestRunner@3c0ecd4b]" name="feature" class="cucumber.api.testng.AbstractTestNGCucumberTests"/>
      </group> <!-- cucumber -->
    </groups>
    <test name="Default test" duration-ms="25252" started-at="2021-06-20T05:11:35Z" finished-at="2021-06-20T05:12:00Z">
      <class name="cucumberOptions.TestRunner">
        <test-method status="PASS" signature="setUpClass()[pri:0, instance:cucumberOptions.TestRunner@3c0ecd4b]" name="setUpClass" is-config="true" duration-ms="365" started-at="2021-06-20T05:11:35Z" finished-at="2021-06-20T05:11:35Z">
          <reporter-output>
          </reporter-output>
        </test-method> <!-- setUpClass -->
        <test-method status="PASS" signature="feature(cucumber.api.testng.CucumberFeatureWrapper)[pri:0, instance:cucumberOptions.TestRunner@3c0ecd4b]" name="feature" duration-ms="24702" started-at="2021-06-20T05:11:35Z" description="Runs Cucumber Feature" data-provider="features" finished-at="2021-06-20T05:12:00Z">
          <params>
            <param index="0">
              <value>
                <![CDATA[To automate the flow of placing order on GreenKart website]]>
              </value>
            </param>
          </params>
          <reporter-output>
          </reporter-output>
        </test-method> <!-- feature -->
        <test-method status="PASS" signature="tearDownClass()[pri:0, instance:cucumberOptions.TestRunner@3c0ecd4b]" name="tearDownClass" is-config="true" duration-ms="7" started-at="2021-06-20T05:12:00Z" finished-at="2021-06-20T05:12:00Z">
          <reporter-output>
          </reporter-output>
        </test-method> <!-- tearDownClass -->
      </class> <!-- cucumberOptions.TestRunner -->
    </test> <!-- Default test -->
  </suite> <!-- Default suite -->
</testng-results>
